<?xml version="1.0" encoding="UTF-8"?>
<!-- Generated by org.testng.reporters.JUnitReportReporter -->
<testsuite hostname="LAPTOP-7A6BVKFP" failures="0" tests="1" name="pages.homepageTest" time="1.002" errors="0" timestamp="2022-06-09T19:22:55 IST" skipped="0">
  <testcase classname="pages.homepageTest" name="HomePage" time="1.002"/>
  <system-out>
    <![CDATA[onFinish method finished homepages]]>
  </system-out>
</testsuite> <!-- pages.homepageTest -->
